

Started GET "/" for 2.103.223.76 at 2015-12-17 13:22:15 +0000
Processing by WelcomeController#index as HTML
  Rendered welcome/index.html.erb within layouts/application (14.1ms)
Completed 200 OK in 1463ms (Views: 1445.0ms | ActiveRecord: 0.0ms)


Started GET "/assets/application.self-e80e8f2318043e8af94dddc2adad5a4f09739a8ebb323b3ab31cd71d45fd9113.css?body=1" for 2.103.223.76 at 2015-12-17 13:22:18 +0000


Started GET "/assets/jquery.self-a714331225dda820228db323939889f149aec0127aeb06255646b616ba1ca419.js?body=1" for 2.103.223.76 at 2015-12-17 13:22:18 +0000


Started GET "/assets/jquery_ujs.self-d456baa54c1fa6be2ec3711f0a72ddf7a5b2f34a6b4f515f33767d6207b7d4b3.js?body=1" for 2.103.223.76 at 2015-12-17 13:22:18 +0000


Started GET "/assets/turbolinks.self-c37727e9bd6b2735da5c311aa83fead54ed0be6cc8bd9a65309e9c5abe2cbfff.js?body=1" for 2.103.223.76 at 2015-12-17 13:22:18 +0000


Started GET "/assets/application.self-3b8dabdc891efe46b9a144b400ad69e37d7e5876bdc39dee783419a69d7ca819.js?body=1" for 2.103.223.76 at 2015-12-17 13:22:18 +0000


Started GET "/welcome/index" for 2.103.223.76 at 2015-12-17 13:22:22 +0000
Processing by WelcomeController#index as HTML
  Rendered welcome/index.html.erb within layouts/application (0.7ms)
Completed 200 OK in 52ms (Views: 50.5ms | ActiveRecord: 0.0ms)


Started GET "/welcome/about" for 2.103.223.76 at 2015-12-17 13:22:25 +0000
Processing by WelcomeController#about as HTML
  Rendered welcome/about.html.erb within layouts/application (0.6ms)
Completed 200 OK in 70ms (Views: 69.0ms | ActiveRecord: 0.0ms)


Started GET "/welcome/index" for 2.103.223.76 at 2015-12-17 13:22:27 +0000
Processing by WelcomeController#index as HTML
  Rendered welcome/index.html.erb within layouts/application (0.1ms)
Completed 200 OK in 73ms (Views: 71.5ms | ActiveRecord: 0.0ms)


Started GET "/" for 2.103.223.76 at 2015-12-17 14:03:24 +0000
Processing by WelcomeController#index as HTML
  Rendered welcome/index.html.erb within layouts/application (7.2ms)
Completed 200 OK in 474ms (Views: 455.3ms | ActiveRecord: 0.0ms)


Started GET "/assets/application.self-e3b0c44298fc1c149afbf4c8996fb92427ae41e4649b934ca495991b7852b855.css?body=1" for 2.103.223.76 at 2015-12-17 14:03:25 +0000


Started GET "/assets/bootstrap.self-d0e973a52d36a01036265aeefaf2d1ae3499d2cb231a9be3bd846432daf231de.js?body=1" for 2.103.223.76 at 2015-12-17 14:03:25 +0000


Started GET "/assets/application.self-f8806224e027f3e3f0138ea9ce99319e298dfdb323304d1f1be6eae8e8c74724.js?body=1" for 2.103.223.76 at 2015-12-17 14:03:25 +0000


Started GET "/welcome/index" for 2.103.223.76 at 2015-12-17 14:03:28 +0000
Processing by WelcomeController#index as HTML
  Rendered welcome/index.html.erb within layouts/application (0.6ms)
Completed 200 OK in 68ms (Views: 67.2ms | ActiveRecord: 0.0ms)


Started GET "/welcome/about" for 2.103.223.76 at 2015-12-17 14:03:30 +0000
Processing by WelcomeController#about as HTML
  Rendered welcome/about.html.erb within layouts/application (0.6ms)
Completed 200 OK in 209ms (Views: 207.5ms | ActiveRecord: 0.0ms)


Started GET "/welcome/index" for 2.103.223.76 at 2015-12-17 14:03:32 +0000
Processing by WelcomeController#index as HTML
  Rendered welcome/index.html.erb within layouts/application (0.1ms)
Completed 200 OK in 108ms (Views: 106.7ms | ActiveRecord: 0.0ms)


Started GET "/welcome/index" for 2.103.223.76 at 2015-12-17 14:04:29 +0000
Processing by WelcomeController#index as HTML
  Rendered welcome/index.html.erb within layouts/application (0.2ms)
Completed 200 OK in 134ms (Views: 133.0ms | ActiveRecord: 0.0ms)


Started GET "/welcome/index" for 2.103.223.76 at 2015-12-17 14:04:32 +0000
Processing by WelcomeController#index as HTML
  Rendered welcome/index.html.erb within layouts/application (0.9ms)
Completed 200 OK in 94ms (Views: 92.6ms | ActiveRecord: 0.0ms)


Started GET "/welcome/about" for 2.103.223.76 at 2015-12-17 14:04:32 +0000
Processing by WelcomeController#about as HTML
  Rendered welcome/about.html.erb within layouts/application (0.1ms)
Completed 200 OK in 77ms (Views: 75.8ms | ActiveRecord: 0.0ms)


Started GET "/" for 2.103.223.76 at 2015-12-17 14:26:18 +0000
Processing by WelcomeController#index as HTML
  Rendered welcome/index.html.erb within layouts/application (5.6ms)
Completed 200 OK in 294ms (Views: 280.1ms | ActiveRecord: 0.0ms)


Started GET "/welcome/index" for 2.103.223.76 at 2015-12-17 14:26:21 +0000
Processing by WelcomeController#index as HTML
  Rendered welcome/index.html.erb within layouts/application (0.5ms)
Completed 200 OK in 67ms (Views: 66.0ms | ActiveRecord: 0.0ms)


Started GET "/welcome/about" for 2.103.223.76 at 2015-12-17 14:26:22 +0000
Processing by WelcomeController#about as HTML
  Rendered welcome/about.html.erb within layouts/application (0.9ms)
Completed 200 OK in 73ms (Views: 71.8ms | ActiveRecord: 0.0ms)


Started GET "/" for 2.103.223.76 at 2015-12-17 14:26:34 +0000
Processing by WelcomeController#index as HTML
  Rendered welcome/index.html.erb within layouts/application (0.1ms)
Completed 200 OK in 57ms (Views: 56.5ms | ActiveRecord: 0.0ms)


Started GET "/welcome/index" for 2.103.223.76 at 2015-12-17 14:26:36 +0000
Processing by WelcomeController#index as HTML
  Rendered welcome/index.html.erb within layouts/application (0.1ms)
Completed 200 OK in 59ms (Views: 58.7ms | ActiveRecord: 0.0ms)


Started GET "/welcome/about" for 2.103.223.76 at 2015-12-17 14:26:37 +0000
Processing by WelcomeController#about as HTML
  Rendered welcome/about.html.erb within layouts/application (0.2ms)
Completed 200 OK in 84ms (Views: 83.1ms | ActiveRecord: 0.0ms)


Started GET "/welcome/about" for 2.103.223.76 at 2015-12-17 14:27:03 +0000
Processing by WelcomeController#about as HTML
  Rendered welcome/about.html.erb within layouts/application (1.2ms)
Completed 200 OK in 61ms (Views: 59.9ms | ActiveRecord: 0.0ms)


Started GET "/welcome/about" for 2.103.223.76 at 2015-12-17 14:27:06 +0000
Processing by WelcomeController#about as HTML
  Rendered welcome/about.html.erb within layouts/application (0.1ms)
Completed 200 OK in 124ms (Views: 122.6ms | ActiveRecord: 0.0ms)


Started GET "/welcome/about" for 2.103.223.76 at 2015-12-17 14:27:30 +0000
Processing by WelcomeController#about as HTML
  Rendered welcome/about.html.erb within layouts/application (0.1ms)
Completed 200 OK in 86ms (Views: 85.2ms | ActiveRecord: 0.0ms)


Started GET "/" for 2.103.223.76 at 2015-12-17 14:28:21 +0000
Processing by WelcomeController#index as HTML
  Rendered welcome/index.html.erb within layouts/application (2.9ms)
Completed 200 OK in 312ms (Views: 297.3ms | ActiveRecord: 0.0ms)


Started GET "/welcome/about" for 2.103.223.76 at 2015-12-17 14:28:24 +0000
Processing by WelcomeController#about as HTML
  Rendered welcome/about.html.erb within layouts/application (0.7ms)
Completed 200 OK in 60ms (Views: 58.5ms | ActiveRecord: 0.0ms)


Started GET "/" for 2.103.223.76 at 2015-12-17 14:29:49 +0000
Processing by WelcomeController#index as HTML
  Rendered welcome/index.html.erb within layouts/application (2.9ms)
Completed 200 OK in 309ms (Views: 296.4ms | ActiveRecord: 0.0ms)


Started GET "/assets/application.self-c55c013da6b21d3c9efc9e8859775445a23c9c4acfed266861057eb8cbc5ff3c.css?body=1" for 2.103.223.76 at 2015-12-17 14:29:50 +0000


Started GET "/welcome/index" for 2.103.223.76 at 2015-12-17 14:29:53 +0000
Processing by WelcomeController#index as HTML
  Rendered welcome/index.html.erb within layouts/application (0.5ms)
Completed 200 OK in 240ms (Views: 239.0ms | ActiveRecord: 0.0ms)


Started GET "/welcome/about" for 2.103.223.76 at 2015-12-17 14:29:54 +0000
Processing by WelcomeController#about as HTML
  Rendered welcome/about.html.erb within layouts/application (0.7ms)
Completed 200 OK in 71ms (Views: 70.0ms | ActiveRecord: 0.0ms)
